<?xml version="1.0" encoding="UTF-8"?>
<!-- Generated by org.testng.reporters.JUnitXMLReporter -->
<testsuite hostname="ravi-lenovo" ignored="0" name="Surefire test" tests="6" failures="0" timestamp="2020-03-27T19:56:19 IST" time="0.046" errors="0">
  <testcase name="MobileAutomation" time="0.003" classname="MavenGroup.AppiumTest"/>
  <testcase name="Moblogin" time="0.0" classname="MavenGroup.AppiumTest"/>
  <testcase name="BrowserAutomation" time="0.0" classname="MavenGroup.SeleniumTest"/>
  <testcase name="Browserlogin" time="0.0" classname="MavenGroup.SeleniumTest"/>
  <testcase name="NavigateJira" time="0.0" classname="MavenGroup.RestApiTest"/>
  <testcase name="TwitterLogin" time="0.0" classname="MavenGroup.RestApiTest"/>
</testsuite> <!-- Surefire test -->
