<?xml version="1.0" encoding="UTF-8"?>
<!-- Generated by org.testng.reporters.JUnitXMLReporter -->
<testsuite hostname="ravi-lenovo" ignored="0" name="Test" tests="4" failures="0" timestamp="2020-04-12T19:56:19 IST" time="0.045" errors="0">
  <testcase name="NavigateJira" time="0.005" classname="MavenGroup.RestApiTest"/>
  <testcase name="TwitterLogin" time="0.0" classname="MavenGroup.RestApiTest"/>
  <testcase name="BrowserAutomation" time="0.001" classname="MavenGroup.SeleniumTest"/>
  <testcase name="Browserlogin" time="0.001" classname="MavenGroup.SeleniumTest"/>
</testsuite> <!-- Test -->
