<?xml version="1.0" encoding="UTF-8"?>
<testsuite xmlns:xsi="http://www.w3.org/2001/XMLSchema-instance" xsi:noNamespaceSchemaLocation="https://maven.apache.org/surefire/maven-surefire-plugin/xsd/surefire-test-report-3.0.xsd" version="3.0" name="TestSuite" time="0.687" tests="4" errors="0" skipped="0" failures="0">
  <properties>
[...]
</properties>
  <testcase name="NavigateJira" classname="MavenGroup.RestApiTest" time="0.006"/>
  <testcase name="TwitterLogin" classname="MavenGroup.RestApiTest" time="0"/>
  <testcase name="BrowserAutomation" classname="MavenGroup.SeleniumTest" time="0"/>
  <testcase name="Browserlogin" classname="MavenGroup.SeleniumTest" time="0"/>
</testsuite>